INFO - 20170101 15:29:10 --> Config Class Initialized
INFO - 20170101 15:29:10 --> Hooks Class Initialized
DEBUG - 20170101 15:29:10 --> UTF-8 Support Enabled
INFO - 20170101 15:29:10 --> Utf8 Class Initialized
INFO - 20170101 15:29:10 --> URI Class Initialized
INFO - 20170101 15:29:10 --> Router Class Initialized
INFO - 20170101 15:29:10 --> Output Class Initialized
INFO - 20170101 15:29:10 --> Security Class Initialized
DEBUG - 20170101 15:29:10 --> Global POST, GET and COOKIE data sanitized
INFO - 20170101 15:29:10 --> Input Class Initialized
INFO - 20170101 15:29:10 --> Language Class Initialized
ERROR - 20170101 15:29:10 --> 404 Page Not Found: Article/profile
INFO - 20170101 15:30:11 --> Config Class Initialized
INFO - 20170101 15:30:11 --> Hooks Class Initialized
DEBUG - 20170101 15:30:11 --> UTF-8 Support Enabled
INFO - 20170101 15:30:11 --> Utf8 Class Initialized
INFO - 20170101 15:30:11 --> URI Class Initialized
INFO - 20170101 15:30:11 --> Router Class Initialized
INFO - 20170101 15:30:11 --> Output Class Initialized
INFO - 20170101 15:30:11 --> Security Class Initialized
DEBUG - 20170101 15:30:11 --> Global POST, GET and COOKIE data sanitized
INFO - 20170101 15:30:11 --> Input Class Initialized
INFO - 20170101 15:30:11 --> Language Class Initialized
INFO - 20170101 15:30:11 --> Loader Class Initialized
DEBUG - 20170101 15:30:11 --> cURL Class Initialized
INFO - 20170101 15:30:11 --> Controller Class Initialized
INFO - 20170101 15:30:11 --> Helper loaded: util_helper
INFO - 20170101 15:30:11 --> Helper loaded: form_helper
INFO - 20170101 15:30:11 --> Form Validation Class Initialized
INFO - 20170101 15:30:11 --> Model Class Initialized
INFO - 20170101 15:30:11 --> Database Driver Class Initialized
DEBUG - 20170101 15:30:11 --> Config file loaded: /Users/rayqin/svn/scc/api/trunk/application/config/development/redis.php
INFO - 20170101 15:30:11 --> Model Class Initialized
INFO - 20170101 15:30:11 --> Model Class Initialized
INFO - 20170101 15:30:11 --> Model Class Initialized
INFO - 20170101 15:30:11 --> Model Class Initialized
INFO - 20170101 15:30:11 --> Model Class Initialized
INFO - 20170101 15:30:11 --> Model Class Initialized
INFO - 20170101 15:30:11 --> Model Class Initialized
INFO - 20170101 15:30:11 --> Model Class Initialized
INFO - 20170101 15:30:11 --> Model Class Initialized
INFO - 20170101 15:30:11 --> Model Class Initialized
INFO - 20170101 15:30:11 --> Model Class Initialized
INFO - 20170101 15:30:11 --> Model Class Initialized
INFO - 20170101 15:30:11 --> File loaded: /Users/rayqin/svn/scc/api/trunk/application/views/outputjson.php
INFO - 20170101 15:30:11 --> Final output sent to browser
DEBUG - 20170101 15:30:11 --> Total execution time: 0.2920
INFO - 20170101 15:30:38 --> Config Class Initialized
INFO - 20170101 15:30:38 --> Hooks Class Initialized
DEBUG - 20170101 15:30:38 --> UTF-8 Support Enabled
INFO - 20170101 15:30:38 --> Utf8 Class Initialized
INFO - 20170101 15:30:38 --> URI Class Initialized
INFO - 20170101 15:30:38 --> Router Class Initialized
INFO - 20170101 15:30:38 --> Output Class Initialized
INFO - 20170101 15:30:38 --> Security Class Initialized
DEBUG - 20170101 15:30:38 --> Global POST, GET and COOKIE data sanitized
INFO - 20170101 15:30:38 --> Input Class Initialized
INFO - 20170101 15:30:38 --> Language Class Initialized
INFO - 20170101 15:30:38 --> Loader Class Initialized
DEBUG - 20170101 15:30:38 --> cURL Class Initialized
INFO - 20170101 15:30:38 --> Controller Class Initialized
INFO - 20170101 15:30:38 --> Helper loaded: util_helper
INFO - 20170101 15:30:38 --> Helper loaded: form_helper
INFO - 20170101 15:30:38 --> Form Validation Class Initialized
INFO - 20170101 15:30:38 --> Model Class Initialized
INFO - 20170101 15:30:38 --> Database Driver Class Initialized
DEBUG - 20170101 15:30:38 --> Config file loaded: /Users/rayqin/svn/scc/api/trunk/application/config/development/redis.php
INFO - 20170101 15:30:38 --> Model Class Initialized
INFO - 20170101 15:30:38 --> Model Class Initialized
INFO - 20170101 15:30:38 --> Model Class Initialized
INFO - 20170101 15:30:38 --> Model Class Initialized
INFO - 20170101 15:30:38 --> Model Class Initialized
INFO - 20170101 15:30:38 --> Model Class Initialized
INFO - 20170101 15:30:38 --> Model Class Initialized
INFO - 20170101 15:30:38 --> Model Class Initialized
INFO - 20170101 15:30:38 --> Model Class Initialized
INFO - 20170101 15:30:38 --> Model Class Initialized
INFO - 20170101 15:30:38 --> Model Class Initialized
INFO - 20170101 15:30:38 --> Model Class Initialized
INFO - 20170101 15:30:38 --> File loaded: /Users/rayqin/svn/scc/api/trunk/application/views/outputjson.php
INFO - 20170101 15:30:38 --> Final output sent to browser
DEBUG - 20170101 15:30:38 --> Total execution time: 0.2512
INFO - 20170101 15:30:55 --> Config Class Initialized
INFO - 20170101 15:30:55 --> Hooks Class Initialized
DEBUG - 20170101 15:30:55 --> UTF-8 Support Enabled
INFO - 20170101 15:30:55 --> Utf8 Class Initialized
INFO - 20170101 15:30:55 --> URI Class Initialized
INFO - 20170101 15:30:55 --> Router Class Initialized
INFO - 20170101 15:30:55 --> Output Class Initialized
INFO - 20170101 15:30:55 --> Security Class Initialized
DEBUG - 20170101 15:30:55 --> Global POST, GET and COOKIE data sanitized
INFO - 20170101 15:30:55 --> Input Class Initialized
INFO - 20170101 15:30:55 --> Language Class Initialized
INFO - 20170101 15:30:55 --> Loader Class Initialized
DEBUG - 20170101 15:30:55 --> cURL Class Initialized
INFO - 20170101 15:30:55 --> Controller Class Initialized
INFO - 20170101 15:30:55 --> Helper loaded: util_helper
INFO - 20170101 15:30:55 --> Helper loaded: form_helper
INFO - 20170101 15:30:55 --> Form Validation Class Initialized
INFO - 20170101 15:30:55 --> Model Class Initialized
INFO - 20170101 15:30:55 --> Database Driver Class Initialized
DEBUG - 20170101 15:30:56 --> Config file loaded: /Users/rayqin/svn/scc/api/trunk/application/config/development/redis.php
INFO - 20170101 15:30:56 --> Model Class Initialized
INFO - 20170101 15:30:56 --> Model Class Initialized
INFO - 20170101 15:30:56 --> Model Class Initialized
INFO - 20170101 15:30:56 --> Model Class Initialized
INFO - 20170101 15:30:56 --> Model Class Initialized
INFO - 20170101 15:30:56 --> Model Class Initialized
INFO - 20170101 15:30:56 --> Model Class Initialized
INFO - 20170101 15:30:56 --> Model Class Initialized
INFO - 20170101 15:30:56 --> Model Class Initialized
INFO - 20170101 15:30:56 --> Model Class Initialized
INFO - 20170101 15:30:56 --> Model Class Initialized
INFO - 20170101 15:30:56 --> Model Class Initialized
INFO - 20170101 15:30:56 --> File loaded: /Users/rayqin/svn/scc/api/trunk/application/views/outputjson.php
INFO - 20170101 15:30:56 --> Final output sent to browser
DEBUG - 20170101 15:30:56 --> Total execution time: 0.1194
INFO - 20170101 15:31:30 --> Config Class Initialized
INFO - 20170101 15:31:30 --> Hooks Class Initialized
DEBUG - 20170101 15:31:30 --> UTF-8 Support Enabled
INFO - 20170101 15:31:30 --> Utf8 Class Initialized
INFO - 20170101 15:31:30 --> URI Class Initialized
INFO - 20170101 15:31:30 --> Router Class Initialized
INFO - 20170101 15:31:30 --> Output Class Initialized
INFO - 20170101 15:31:30 --> Security Class Initialized
DEBUG - 20170101 15:31:30 --> Global POST, GET and COOKIE data sanitized
INFO - 20170101 15:31:30 --> Input Class Initialized
INFO - 20170101 15:31:30 --> Language Class Initialized
INFO - 20170101 15:31:30 --> Loader Class Initialized
DEBUG - 20170101 15:31:30 --> cURL Class Initialized
INFO - 20170101 15:31:30 --> Controller Class Initialized
INFO - 20170101 15:31:30 --> Helper loaded: util_helper
INFO - 20170101 15:31:30 --> Helper loaded: form_helper
INFO - 20170101 15:31:30 --> Form Validation Class Initialized
INFO - 20170101 15:31:30 --> Model Class Initialized
INFO - 20170101 15:31:30 --> Database Driver Class Initialized
DEBUG - 20170101 15:31:30 --> Config file loaded: /Users/rayqin/svn/scc/api/trunk/application/config/development/redis.php
INFO - 20170101 15:31:30 --> Model Class Initialized
INFO - 20170101 15:31:30 --> Model Class Initialized
INFO - 20170101 15:31:30 --> Model Class Initialized
INFO - 20170101 15:31:30 --> Model Class Initialized
INFO - 20170101 15:31:30 --> Model Class Initialized
INFO - 20170101 15:31:30 --> Model Class Initialized
INFO - 20170101 15:31:30 --> Model Class Initialized
INFO - 20170101 15:31:30 --> Model Class Initialized
INFO - 20170101 15:31:30 --> Model Class Initialized
INFO - 20170101 15:31:30 --> Model Class Initialized
INFO - 20170101 15:31:30 --> Model Class Initialized
INFO - 20170101 15:31:30 --> Model Class Initialized
INFO - 20170101 15:31:30 --> File loaded: /Users/rayqin/svn/scc/api/trunk/application/views/outputjson.php
INFO - 20170101 15:31:30 --> Final output sent to browser
DEBUG - 20170101 15:31:30 --> Total execution time: 0.1368
INFO - 20170101 15:32:17 --> Config Class Initialized
INFO - 20170101 15:32:17 --> Hooks Class Initialized
DEBUG - 20170101 15:32:17 --> UTF-8 Support Enabled
INFO - 20170101 15:32:17 --> Utf8 Class Initialized
INFO - 20170101 15:32:17 --> URI Class Initialized
INFO - 20170101 15:32:17 --> Router Class Initialized
INFO - 20170101 15:32:17 --> Output Class Initialized
INFO - 20170101 15:32:17 --> Security Class Initialized
DEBUG - 20170101 15:32:17 --> Global POST, GET and COOKIE data sanitized
INFO - 20170101 15:32:17 --> Input Class Initialized
INFO - 20170101 15:32:17 --> Language Class Initialized
INFO - 20170101 15:32:17 --> Loader Class Initialized
DEBUG - 20170101 15:32:17 --> cURL Class Initialized
INFO - 20170101 15:32:17 --> Controller Class Initialized
INFO - 20170101 15:32:17 --> Helper loaded: util_helper
INFO - 20170101 15:32:17 --> Helper loaded: form_helper
INFO - 20170101 15:32:17 --> Form Validation Class Initialized
INFO - 20170101 15:32:17 --> Model Class Initialized
INFO - 20170101 15:32:17 --> Database Driver Class Initialized
DEBUG - 20170101 15:32:17 --> Config file loaded: /Users/rayqin/svn/scc/api/trunk/application/config/development/redis.php
INFO - 20170101 15:32:17 --> Model Class Initialized
INFO - 20170101 15:32:17 --> Model Class Initialized
INFO - 20170101 15:32:17 --> Model Class Initialized
INFO - 20170101 15:32:17 --> Model Class Initialized
INFO - 20170101 15:32:17 --> Model Class Initialized
INFO - 20170101 15:32:17 --> Model Class Initialized
INFO - 20170101 15:32:17 --> Model Class Initialized
INFO - 20170101 15:32:17 --> Model Class Initialized
INFO - 20170101 15:32:17 --> Model Class Initialized
INFO - 20170101 15:32:17 --> Model Class Initialized
INFO - 20170101 15:32:17 --> Model Class Initialized
INFO - 20170101 15:32:17 --> Model Class Initialized
INFO - 20170101 15:32:17 --> File loaded: /Users/rayqin/svn/scc/api/trunk/application/views/outputjson.php
INFO - 20170101 15:32:17 --> Final output sent to browser
DEBUG - 20170101 15:32:17 --> Total execution time: 0.1771
INFO - 20170101 15:32:45 --> Config Class Initialized
INFO - 20170101 15:32:45 --> Hooks Class Initialized
DEBUG - 20170101 15:32:45 --> UTF-8 Support Enabled
INFO - 20170101 15:32:45 --> Utf8 Class Initialized
INFO - 20170101 15:32:45 --> URI Class Initialized
INFO - 20170101 15:32:45 --> Router Class Initialized
INFO - 20170101 15:32:45 --> Output Class Initialized
INFO - 20170101 15:32:45 --> Security Class Initialized
DEBUG - 20170101 15:32:45 --> Global POST, GET and COOKIE data sanitized
INFO - 20170101 15:32:45 --> Input Class Initialized
INFO - 20170101 15:32:45 --> Language Class Initialized
INFO - 20170101 15:32:45 --> Loader Class Initialized
DEBUG - 20170101 15:32:45 --> cURL Class Initialized
INFO - 20170101 15:32:45 --> Controller Class Initialized
INFO - 20170101 15:32:45 --> Helper loaded: util_helper
INFO - 20170101 15:32:45 --> Helper loaded: form_helper
INFO - 20170101 15:32:45 --> Form Validation Class Initialized
INFO - 20170101 15:32:45 --> Model Class Initialized
INFO - 20170101 15:32:45 --> Database Driver Class Initialized
DEBUG - 20170101 15:32:45 --> Config file loaded: /Users/rayqin/svn/scc/api/trunk/application/config/development/redis.php
INFO - 20170101 15:32:45 --> Model Class Initialized
INFO - 20170101 15:32:45 --> Model Class Initialized
INFO - 20170101 15:32:45 --> Model Class Initialized
INFO - 20170101 15:32:45 --> Model Class Initialized
INFO - 20170101 15:32:45 --> Model Class Initialized
INFO - 20170101 15:32:45 --> Model Class Initialized
INFO - 20170101 15:32:45 --> Model Class Initialized
INFO - 20170101 15:32:45 --> Model Class Initialized
INFO - 20170101 15:32:45 --> Model Class Initialized
INFO - 20170101 15:32:45 --> Model Class Initialized
INFO - 20170101 15:32:45 --> Model Class Initialized
INFO - 20170101 15:32:45 --> Model Class Initialized
INFO - 20170101 15:32:45 --> File loaded: /Users/rayqin/svn/scc/api/trunk/application/views/outputjson.php
INFO - 20170101 15:32:45 --> Final output sent to browser
DEBUG - 20170101 15:32:45 --> Total execution time: 0.1418
INFO - 20170101 16:14:57 --> Config Class Initialized
INFO - 20170101 16:14:57 --> Hooks Class Initialized
DEBUG - 20170101 16:14:57 --> UTF-8 Support Enabled
INFO - 20170101 16:14:57 --> Utf8 Class Initialized
INFO - 20170101 16:14:57 --> URI Class Initialized
INFO - 20170101 16:14:57 --> Router Class Initialized
INFO - 20170101 16:14:57 --> Output Class Initialized
INFO - 20170101 16:14:57 --> Security Class Initialized
DEBUG - 20170101 16:14:57 --> Global POST, GET and COOKIE data sanitized
INFO - 20170101 16:14:57 --> Input Class Initialized
INFO - 20170101 16:14:57 --> Language Class Initialized
INFO - 20170101 16:14:57 --> Loader Class Initialized
DEBUG - 20170101 16:14:57 --> cURL Class Initialized
INFO - 20170101 16:14:57 --> Controller Class Initialized
INFO - 20170101 16:14:57 --> Helper loaded: util_helper
INFO - 20170101 16:14:57 --> Helper loaded: form_helper
INFO - 20170101 16:14:57 --> Form Validation Class Initialized
INFO - 20170101 16:14:57 --> Model Class Initialized
INFO - 20170101 16:14:57 --> Database Driver Class Initialized
DEBUG - 20170101 16:14:57 --> Config file loaded: /Users/rayqin/svn/scc/api/trunk/application/config/development/redis.php
INFO - 20170101 16:14:58 --> Model Class Initialized
INFO - 20170101 16:14:58 --> Model Class Initialized
INFO - 20170101 16:14:58 --> Model Class Initialized
INFO - 20170101 16:14:58 --> Model Class Initialized
INFO - 20170101 16:14:58 --> Model Class Initialized
INFO - 20170101 16:14:58 --> Model Class Initialized
INFO - 20170101 16:14:58 --> Model Class Initialized
INFO - 20170101 16:14:58 --> Model Class Initialized
INFO - 20170101 16:14:58 --> Model Class Initialized
INFO - 20170101 16:14:58 --> Model Class Initialized
INFO - 20170101 16:14:58 --> Model Class Initialized
INFO - 20170101 16:14:58 --> Model Class Initialized
INFO - 20170101 16:14:58 --> File loaded: /Users/rayqin/svn/scc/api/trunk/application/views/outputjson.php
INFO - 20170101 16:14:58 --> Final output sent to browser
DEBUG - 20170101 16:14:58 --> Total execution time: 0.5087
INFO - 20170101 16:36:52 --> Config Class Initialized
INFO - 20170101 16:36:52 --> Hooks Class Initialized
DEBUG - 20170101 16:36:52 --> UTF-8 Support Enabled
INFO - 20170101 16:36:52 --> Utf8 Class Initialized
INFO - 20170101 16:36:52 --> URI Class Initialized
INFO - 20170101 16:36:52 --> Router Class Initialized
INFO - 20170101 16:36:52 --> Output Class Initialized
INFO - 20170101 16:36:52 --> Security Class Initialized
DEBUG - 20170101 16:36:52 --> Global POST, GET and COOKIE data sanitized
INFO - 20170101 16:36:52 --> Input Class Initialized
INFO - 20170101 16:36:52 --> Language Class Initialized
INFO - 20170101 16:36:52 --> Loader Class Initialized
DEBUG - 20170101 16:36:52 --> cURL Class Initialized
INFO - 20170101 16:36:52 --> Controller Class Initialized
INFO - 20170101 16:36:52 --> Helper loaded: util_helper
INFO - 20170101 16:36:52 --> Helper loaded: form_helper
INFO - 20170101 16:36:52 --> Form Validation Class Initialized
INFO - 20170101 16:36:52 --> Model Class Initialized
INFO - 20170101 16:36:52 --> Database Driver Class Initialized
DEBUG - 20170101 16:36:52 --> Config file loaded: /Users/rayqin/svn/scc/api/trunk/application/config/development/redis.php
INFO - 20170101 16:36:52 --> Model Class Initialized
INFO - 20170101 16:36:52 --> Model Class Initialized
INFO - 20170101 16:36:52 --> Model Class Initialized
INFO - 20170101 16:36:52 --> Model Class Initialized
INFO - 20170101 16:36:52 --> Model Class Initialized
INFO - 20170101 16:36:52 --> Model Class Initialized
INFO - 20170101 16:36:52 --> Model Class Initialized
INFO - 20170101 16:36:52 --> Model Class Initialized
INFO - 20170101 16:36:52 --> Model Class Initialized
INFO - 20170101 16:36:52 --> Model Class Initialized
INFO - 20170101 16:36:52 --> Model Class Initialized
INFO - 20170101 16:36:52 --> Model Class Initialized
INFO - 20170101 16:36:52 --> File loaded: /Users/rayqin/svn/scc/api/trunk/application/views/outputjson.php
INFO - 20170101 16:36:52 --> Final output sent to browser
DEBUG - 20170101 16:36:52 --> Total execution time: 0.5033
INFO - 20170101 16:37:03 --> Config Class Initialized
INFO - 20170101 16:37:03 --> Hooks Class Initialized
DEBUG - 20170101 16:37:03 --> UTF-8 Support Enabled
INFO - 20170101 16:37:03 --> Utf8 Class Initialized
INFO - 20170101 16:37:03 --> URI Class Initialized
INFO - 20170101 16:37:03 --> Router Class Initialized
INFO - 20170101 16:37:03 --> Output Class Initialized
INFO - 20170101 16:37:03 --> Security Class Initialized
DEBUG - 20170101 16:37:03 --> Global POST, GET and COOKIE data sanitized
INFO - 20170101 16:37:03 --> Input Class Initialized
INFO - 20170101 16:37:03 --> Language Class Initialized
INFO - 20170101 16:37:03 --> Loader Class Initialized
DEBUG - 20170101 16:37:03 --> cURL Class Initialized
INFO - 20170101 16:37:03 --> Controller Class Initialized
INFO - 20170101 16:37:03 --> Helper loaded: util_helper
INFO - 20170101 16:37:03 --> Helper loaded: form_helper
INFO - 20170101 16:37:03 --> Form Validation Class Initialized
INFO - 20170101 16:37:03 --> Model Class Initialized
INFO - 20170101 16:37:03 --> Database Driver Class Initialized
DEBUG - 20170101 16:37:03 --> Config file loaded: /Users/rayqin/svn/scc/api/trunk/application/config/development/redis.php
INFO - 20170101 16:37:03 --> Model Class Initialized
INFO - 20170101 16:37:03 --> Model Class Initialized
INFO - 20170101 16:37:03 --> Model Class Initialized
INFO - 20170101 16:37:03 --> Model Class Initialized
INFO - 20170101 16:37:03 --> Model Class Initialized
INFO - 20170101 16:37:03 --> Model Class Initialized
INFO - 20170101 16:37:03 --> Model Class Initialized
INFO - 20170101 16:37:03 --> Model Class Initialized
INFO - 20170101 16:37:03 --> Model Class Initialized
INFO - 20170101 16:37:03 --> Model Class Initialized
INFO - 20170101 16:37:03 --> Model Class Initialized
INFO - 20170101 16:37:03 --> Model Class Initialized
INFO - 20170101 16:37:03 --> File loaded: /Users/rayqin/svn/scc/api/trunk/application/views/outputjson.php
INFO - 20170101 16:37:03 --> Final output sent to browser
DEBUG - 20170101 16:37:03 --> Total execution time: 0.1364
INFO - 20170101 16:37:08 --> Config Class Initialized
INFO - 20170101 16:37:08 --> Hooks Class Initialized
DEBUG - 20170101 16:37:08 --> UTF-8 Support Enabled
INFO - 20170101 16:37:08 --> Utf8 Class Initialized
INFO - 20170101 16:37:08 --> URI Class Initialized
INFO - 20170101 16:37:08 --> Router Class Initialized
INFO - 20170101 16:37:08 --> Output Class Initialized
INFO - 20170101 16:37:08 --> Security Class Initialized
DEBUG - 20170101 16:37:08 --> Global POST, GET and COOKIE data sanitized
INFO - 20170101 16:37:08 --> Input Class Initialized
INFO - 20170101 16:37:08 --> Language Class Initialized
INFO - 20170101 16:37:08 --> Loader Class Initialized
DEBUG - 20170101 16:37:08 --> cURL Class Initialized
INFO - 20170101 16:37:08 --> Controller Class Initialized
INFO - 20170101 16:37:08 --> Helper loaded: util_helper
INFO - 20170101 16:37:08 --> Helper loaded: form_helper
INFO - 20170101 16:37:08 --> Form Validation Class Initialized
INFO - 20170101 16:37:08 --> Model Class Initialized
INFO - 20170101 16:37:08 --> Database Driver Class Initialized
DEBUG - 20170101 16:37:08 --> Config file loaded: /Users/rayqin/svn/scc/api/trunk/application/config/development/redis.php
INFO - 20170101 16:37:08 --> Model Class Initialized
INFO - 20170101 16:37:08 --> Model Class Initialized
INFO - 20170101 16:37:08 --> Model Class Initialized
INFO - 20170101 16:37:08 --> Model Class Initialized
INFO - 20170101 16:37:08 --> Model Class Initialized
INFO - 20170101 16:37:08 --> Model Class Initialized
INFO - 20170101 16:37:08 --> Model Class Initialized
INFO - 20170101 16:37:08 --> Model Class Initialized
INFO - 20170101 16:37:08 --> Model Class Initialized
INFO - 20170101 16:37:08 --> Model Class Initialized
INFO - 20170101 16:37:08 --> Model Class Initialized
INFO - 20170101 16:37:08 --> Model Class Initialized
INFO - 20170101 16:37:08 --> File loaded: /Users/rayqin/svn/scc/api/trunk/application/views/outputjson.php
INFO - 20170101 16:37:08 --> Final output sent to browser
DEBUG - 20170101 16:37:08 --> Total execution time: 0.1240
INFO - 20170101 16:37:29 --> Config Class Initialized
INFO - 20170101 16:37:29 --> Hooks Class Initialized
DEBUG - 20170101 16:37:29 --> UTF-8 Support Enabled
INFO - 20170101 16:37:29 --> Utf8 Class Initialized
INFO - 20170101 16:37:29 --> URI Class Initialized
INFO - 20170101 16:37:29 --> Router Class Initialized
INFO - 20170101 16:37:29 --> Output Class Initialized
INFO - 20170101 16:37:29 --> Security Class Initialized
DEBUG - 20170101 16:37:29 --> Global POST, GET and COOKIE data sanitized
INFO - 20170101 16:37:29 --> Input Class Initialized
INFO - 20170101 16:37:29 --> Language Class Initialized
INFO - 20170101 16:37:29 --> Loader Class Initialized
DEBUG - 20170101 16:37:29 --> cURL Class Initialized
INFO - 20170101 16:37:29 --> Controller Class Initialized
INFO - 20170101 16:37:29 --> Helper loaded: util_helper
INFO - 20170101 16:37:29 --> Helper loaded: form_helper
INFO - 20170101 16:37:29 --> Form Validation Class Initialized
INFO - 20170101 16:37:29 --> Model Class Initialized
INFO - 20170101 16:37:29 --> Database Driver Class Initialized
DEBUG - 20170101 16:37:29 --> Config file loaded: /Users/rayqin/svn/scc/api/trunk/application/config/development/redis.php
INFO - 20170101 16:37:29 --> Model Class Initialized
INFO - 20170101 16:37:29 --> Model Class Initialized
INFO - 20170101 16:37:29 --> Model Class Initialized
INFO - 20170101 16:37:29 --> Model Class Initialized
INFO - 20170101 16:37:29 --> Model Class Initialized
INFO - 20170101 16:37:29 --> Model Class Initialized
INFO - 20170101 16:37:29 --> Model Class Initialized
INFO - 20170101 16:37:29 --> Model Class Initialized
INFO - 20170101 16:37:29 --> Model Class Initialized
INFO - 20170101 16:37:29 --> Model Class Initialized
INFO - 20170101 16:37:29 --> Model Class Initialized
INFO - 20170101 16:37:29 --> Model Class Initialized
ERROR - 20170101 16:37:29 --> Severity: error --> Exception: Call to undefined method Redis::hgatall() /Users/rayqin/svn/scc/api/trunk/application/models/RedisCliModel.php 58
INFO - 20170101 16:38:13 --> Config Class Initialized
INFO - 20170101 16:38:13 --> Hooks Class Initialized
DEBUG - 20170101 16:38:13 --> UTF-8 Support Enabled
INFO - 20170101 16:38:13 --> Utf8 Class Initialized
INFO - 20170101 16:38:13 --> URI Class Initialized
INFO - 20170101 16:38:13 --> Router Class Initialized
INFO - 20170101 16:38:13 --> Output Class Initialized
INFO - 20170101 16:38:13 --> Security Class Initialized
DEBUG - 20170101 16:38:13 --> Global POST, GET and COOKIE data sanitized
INFO - 20170101 16:38:13 --> Input Class Initialized
INFO - 20170101 16:38:13 --> Language Class Initialized
INFO - 20170101 16:38:13 --> Loader Class Initialized
DEBUG - 20170101 16:38:13 --> cURL Class Initialized
INFO - 20170101 16:38:13 --> Controller Class Initialized
INFO - 20170101 16:38:13 --> Helper loaded: util_helper
INFO - 20170101 16:38:13 --> Helper loaded: form_helper
INFO - 20170101 16:38:13 --> Form Validation Class Initialized
INFO - 20170101 16:38:13 --> Model Class Initialized
INFO - 20170101 16:38:13 --> Database Driver Class Initialized
DEBUG - 20170101 16:38:13 --> Config file loaded: /Users/rayqin/svn/scc/api/trunk/application/config/development/redis.php
INFO - 20170101 16:38:13 --> Model Class Initialized
INFO - 20170101 16:38:13 --> Model Class Initialized
INFO - 20170101 16:38:13 --> Model Class Initialized
INFO - 20170101 16:38:13 --> Model Class Initialized
INFO - 20170101 16:38:13 --> Model Class Initialized
INFO - 20170101 16:38:13 --> Model Class Initialized
INFO - 20170101 16:38:13 --> Model Class Initialized
INFO - 20170101 16:38:13 --> Model Class Initialized
INFO - 20170101 16:38:13 --> Model Class Initialized
INFO - 20170101 16:38:13 --> Model Class Initialized
INFO - 20170101 16:38:13 --> Model Class Initialized
INFO - 20170101 16:38:13 --> Model Class Initialized
INFO - 20170101 16:38:13 --> File loaded: /Users/rayqin/svn/scc/api/trunk/application/views/outputjson.php
INFO - 20170101 16:38:13 --> Final output sent to browser
DEBUG - 20170101 16:38:13 --> Total execution time: 0.1477
INFO - 20170101 16:38:17 --> Config Class Initialized
INFO - 20170101 16:38:17 --> Hooks Class Initialized
DEBUG - 20170101 16:38:17 --> UTF-8 Support Enabled
INFO - 20170101 16:38:17 --> Utf8 Class Initialized
INFO - 20170101 16:38:17 --> URI Class Initialized
INFO - 20170101 16:38:17 --> Router Class Initialized
INFO - 20170101 16:38:17 --> Output Class Initialized
INFO - 20170101 16:38:17 --> Security Class Initialized
DEBUG - 20170101 16:38:17 --> Global POST, GET and COOKIE data sanitized
INFO - 20170101 16:38:17 --> Input Class Initialized
INFO - 20170101 16:38:17 --> Language Class Initialized
INFO - 20170101 16:38:17 --> Loader Class Initialized
DEBUG - 20170101 16:38:17 --> cURL Class Initialized
INFO - 20170101 16:38:17 --> Controller Class Initialized
INFO - 20170101 16:38:17 --> Helper loaded: util_helper
INFO - 20170101 16:38:17 --> Helper loaded: form_helper
INFO - 20170101 16:38:17 --> Form Validation Class Initialized
INFO - 20170101 16:38:17 --> Model Class Initialized
INFO - 20170101 16:38:17 --> Database Driver Class Initialized
DEBUG - 20170101 16:38:17 --> Config file loaded: /Users/rayqin/svn/scc/api/trunk/application/config/development/redis.php
INFO - 20170101 16:38:17 --> Model Class Initialized
INFO - 20170101 16:38:17 --> Model Class Initialized
INFO - 20170101 16:38:17 --> Model Class Initialized
INFO - 20170101 16:38:17 --> Model Class Initialized
INFO - 20170101 16:38:17 --> Model Class Initialized
INFO - 20170101 16:38:17 --> Model Class Initialized
INFO - 20170101 16:38:17 --> Model Class Initialized
INFO - 20170101 16:38:17 --> Model Class Initialized
INFO - 20170101 16:38:17 --> Model Class Initialized
INFO - 20170101 16:38:17 --> Model Class Initialized
INFO - 20170101 16:38:17 --> Model Class Initialized
INFO - 20170101 16:38:17 --> Model Class Initialized
INFO - 20170101 16:38:17 --> File loaded: /Users/rayqin/svn/scc/api/trunk/application/views/outputjson.php
INFO - 20170101 16:38:17 --> Final output sent to browser
DEBUG - 20170101 16:38:17 --> Total execution time: 0.1555
INFO - 20170101 16:41:55 --> Config Class Initialized
INFO - 20170101 16:41:55 --> Hooks Class Initialized
DEBUG - 20170101 16:41:55 --> UTF-8 Support Enabled
INFO - 20170101 16:41:55 --> Utf8 Class Initialized
INFO - 20170101 16:41:55 --> URI Class Initialized
INFO - 20170101 16:41:55 --> Router Class Initialized
INFO - 20170101 16:41:55 --> Output Class Initialized
INFO - 20170101 16:41:55 --> Security Class Initialized
DEBUG - 20170101 16:41:55 --> Global POST, GET and COOKIE data sanitized
INFO - 20170101 16:41:55 --> Input Class Initialized
INFO - 20170101 16:41:55 --> Language Class Initialized
INFO - 20170101 16:41:55 --> Loader Class Initialized
DEBUG - 20170101 16:41:55 --> cURL Class Initialized
INFO - 20170101 16:41:55 --> Controller Class Initialized
INFO - 20170101 16:41:55 --> Helper loaded: util_helper
INFO - 20170101 16:41:55 --> Helper loaded: form_helper
INFO - 20170101 16:41:55 --> Form Validation Class Initialized
INFO - 20170101 16:41:55 --> Model Class Initialized
INFO - 20170101 16:41:55 --> Database Driver Class Initialized
DEBUG - 20170101 16:41:55 --> Config file loaded: /Users/rayqin/svn/scc/api/trunk/application/config/development/redis.php
INFO - 20170101 16:41:55 --> Model Class Initialized
INFO - 20170101 16:41:55 --> Model Class Initialized
INFO - 20170101 16:41:55 --> Model Class Initialized
INFO - 20170101 16:41:55 --> Model Class Initialized
INFO - 20170101 16:41:55 --> Model Class Initialized
INFO - 20170101 16:41:55 --> Model Class Initialized
INFO - 20170101 16:41:55 --> Model Class Initialized
INFO - 20170101 16:41:55 --> Model Class Initialized
INFO - 20170101 16:41:55 --> Model Class Initialized
INFO - 20170101 16:41:55 --> Model Class Initialized
INFO - 20170101 16:41:55 --> Model Class Initialized
INFO - 20170101 16:41:55 --> Model Class Initialized
INFO - 20170101 16:41:55 --> File loaded: /Users/rayqin/svn/scc/api/trunk/application/views/outputjson.php
INFO - 20170101 16:41:55 --> Final output sent to browser
DEBUG - 20170101 16:41:55 --> Total execution time: 0.5087
INFO - 20170101 16:42:14 --> Config Class Initialized
INFO - 20170101 16:42:14 --> Hooks Class Initialized
DEBUG - 20170101 16:42:14 --> UTF-8 Support Enabled
INFO - 20170101 16:42:14 --> Utf8 Class Initialized
INFO - 20170101 16:42:14 --> URI Class Initialized
INFO - 20170101 16:42:14 --> Router Class Initialized
INFO - 20170101 16:42:14 --> Output Class Initialized
INFO - 20170101 16:42:14 --> Security Class Initialized
DEBUG - 20170101 16:42:14 --> Global POST, GET and COOKIE data sanitized
INFO - 20170101 16:42:14 --> Input Class Initialized
INFO - 20170101 16:42:14 --> Language Class Initialized
INFO - 20170101 16:42:14 --> Loader Class Initialized
DEBUG - 20170101 16:42:14 --> cURL Class Initialized
INFO - 20170101 16:42:14 --> Controller Class Initialized
INFO - 20170101 16:42:14 --> Helper loaded: util_helper
INFO - 20170101 16:42:14 --> Helper loaded: form_helper
INFO - 20170101 16:42:14 --> Form Validation Class Initialized
INFO - 20170101 16:42:14 --> Model Class Initialized
INFO - 20170101 16:42:14 --> Database Driver Class Initialized
DEBUG - 20170101 16:42:14 --> Config file loaded: /Users/rayqin/svn/scc/api/trunk/application/config/development/redis.php
INFO - 20170101 16:42:14 --> Model Class Initialized
INFO - 20170101 16:42:14 --> Model Class Initialized
INFO - 20170101 16:42:14 --> Model Class Initialized
INFO - 20170101 16:42:14 --> Model Class Initialized
INFO - 20170101 16:42:14 --> Model Class Initialized
INFO - 20170101 16:42:14 --> Model Class Initialized
INFO - 20170101 16:42:14 --> Model Class Initialized
INFO - 20170101 16:42:14 --> Model Class Initialized
INFO - 20170101 16:42:14 --> Model Class Initialized
INFO - 20170101 16:42:14 --> Model Class Initialized
INFO - 20170101 16:42:14 --> Model Class Initialized
INFO - 20170101 16:42:14 --> Model Class Initialized
INFO - 20170101 16:42:14 --> File loaded: /Users/rayqin/svn/scc/api/trunk/application/views/outputjson.php
INFO - 20170101 16:42:14 --> Final output sent to browser
DEBUG - 20170101 16:42:14 --> Total execution time: 0.1458
INFO - 20170101 16:42:20 --> Config Class Initialized
INFO - 20170101 16:42:20 --> Hooks Class Initialized
DEBUG - 20170101 16:42:20 --> UTF-8 Support Enabled
INFO - 20170101 16:42:20 --> Utf8 Class Initialized
INFO - 20170101 16:42:20 --> URI Class Initialized
INFO - 20170101 16:42:20 --> Router Class Initialized
INFO - 20170101 16:42:20 --> Output Class Initialized
INFO - 20170101 16:42:20 --> Security Class Initialized
DEBUG - 20170101 16:42:20 --> Global POST, GET and COOKIE data sanitized
INFO - 20170101 16:42:20 --> Input Class Initialized
INFO - 20170101 16:42:20 --> Language Class Initialized
INFO - 20170101 16:42:20 --> Loader Class Initialized
DEBUG - 20170101 16:42:20 --> cURL Class Initialized
INFO - 20170101 16:42:20 --> Controller Class Initialized
INFO - 20170101 16:42:20 --> Helper loaded: util_helper
INFO - 20170101 16:42:20 --> Helper loaded: form_helper
INFO - 20170101 16:42:20 --> Form Validation Class Initialized
INFO - 20170101 16:42:20 --> Model Class Initialized
INFO - 20170101 16:42:20 --> Database Driver Class Initialized
DEBUG - 20170101 16:42:20 --> Config file loaded: /Users/rayqin/svn/scc/api/trunk/application/config/development/redis.php
INFO - 20170101 16:42:20 --> Model Class Initialized
INFO - 20170101 16:42:20 --> Model Class Initialized
INFO - 20170101 16:42:20 --> Model Class Initialized
INFO - 20170101 16:42:20 --> Model Class Initialized
INFO - 20170101 16:42:20 --> Model Class Initialized
INFO - 20170101 16:42:20 --> Model Class Initialized
INFO - 20170101 16:42:20 --> Model Class Initialized
INFO - 20170101 16:42:20 --> Model Class Initialized
INFO - 20170101 16:42:20 --> Model Class Initialized
INFO - 20170101 16:42:20 --> Model Class Initialized
INFO - 20170101 16:42:20 --> Model Class Initialized
INFO - 20170101 16:42:20 --> Model Class Initialized
INFO - 20170101 16:42:20 --> File loaded: /Users/rayqin/svn/scc/api/trunk/application/views/outputjson.php
INFO - 20170101 16:42:20 --> Final output sent to browser
DEBUG - 20170101 16:42:20 --> Total execution time: 0.1220
INFO - 20170101 16:43:13 --> Config Class Initialized
INFO - 20170101 16:43:13 --> Hooks Class Initialized
DEBUG - 20170101 16:43:13 --> UTF-8 Support Enabled
INFO - 20170101 16:43:13 --> Utf8 Class Initialized
INFO - 20170101 16:43:13 --> URI Class Initialized
INFO - 20170101 16:43:13 --> Router Class Initialized
INFO - 20170101 16:43:13 --> Output Class Initialized
INFO - 20170101 16:43:13 --> Security Class Initialized
DEBUG - 20170101 16:43:13 --> Global POST, GET and COOKIE data sanitized
INFO - 20170101 16:43:13 --> Input Class Initialized
INFO - 20170101 16:43:13 --> Language Class Initialized
INFO - 20170101 16:43:13 --> Loader Class Initialized
DEBUG - 20170101 16:43:13 --> cURL Class Initialized
INFO - 20170101 16:43:13 --> Controller Class Initialized
INFO - 20170101 16:43:13 --> Helper loaded: util_helper
INFO - 20170101 16:43:13 --> Helper loaded: form_helper
INFO - 20170101 16:43:13 --> Form Validation Class Initialized
INFO - 20170101 16:43:13 --> Model Class Initialized
INFO - 20170101 16:43:13 --> Database Driver Class Initialized
DEBUG - 20170101 16:43:13 --> Config file loaded: /Users/rayqin/svn/scc/api/trunk/application/config/development/redis.php
INFO - 20170101 16:43:13 --> Model Class Initialized
INFO - 20170101 16:43:13 --> Model Class Initialized
INFO - 20170101 16:43:13 --> Model Class Initialized
INFO - 20170101 16:43:13 --> Model Class Initialized
INFO - 20170101 16:43:13 --> Model Class Initialized
INFO - 20170101 16:43:13 --> Model Class Initialized
INFO - 20170101 16:43:13 --> Model Class Initialized
INFO - 20170101 16:43:13 --> Model Class Initialized
INFO - 20170101 16:43:13 --> Model Class Initialized
INFO - 20170101 16:43:13 --> Model Class Initialized
INFO - 20170101 16:43:13 --> Model Class Initialized
INFO - 20170101 16:43:13 --> Model Class Initialized
INFO - 20170101 16:43:13 --> File loaded: /Users/rayqin/svn/scc/api/trunk/application/views/outputjson.php
INFO - 20170101 16:43:13 --> Final output sent to browser
DEBUG - 20170101 16:43:13 --> Total execution time: 0.1390
INFO - 20170101 16:43:30 --> Config Class Initialized
INFO - 20170101 16:43:30 --> Hooks Class Initialized
DEBUG - 20170101 16:43:30 --> UTF-8 Support Enabled
INFO - 20170101 16:43:30 --> Utf8 Class Initialized
INFO - 20170101 16:43:30 --> URI Class Initialized
INFO - 20170101 16:43:30 --> Router Class Initialized
INFO - 20170101 16:43:30 --> Output Class Initialized
INFO - 20170101 16:43:30 --> Security Class Initialized
DEBUG - 20170101 16:43:30 --> Global POST, GET and COOKIE data sanitized
INFO - 20170101 16:43:30 --> Input Class Initialized
INFO - 20170101 16:43:30 --> Language Class Initialized
INFO - 20170101 16:43:30 --> Loader Class Initialized
DEBUG - 20170101 16:43:30 --> cURL Class Initialized
INFO - 20170101 16:43:30 --> Controller Class Initialized
INFO - 20170101 16:43:30 --> Helper loaded: util_helper
INFO - 20170101 16:43:30 --> Helper loaded: form_helper
INFO - 20170101 16:43:30 --> Form Validation Class Initialized
INFO - 20170101 16:43:30 --> Model Class Initialized
INFO - 20170101 16:43:30 --> Database Driver Class Initialized
DEBUG - 20170101 16:43:30 --> Config file loaded: /Users/rayqin/svn/scc/api/trunk/application/config/development/redis.php
INFO - 20170101 16:43:30 --> Model Class Initialized
INFO - 20170101 16:43:30 --> Model Class Initialized
INFO - 20170101 16:43:30 --> Model Class Initialized
INFO - 20170101 16:43:30 --> Model Class Initialized
INFO - 20170101 16:43:30 --> Model Class Initialized
INFO - 20170101 16:43:30 --> Model Class Initialized
INFO - 20170101 16:43:30 --> Model Class Initialized
INFO - 20170101 16:43:30 --> Model Class Initialized
INFO - 20170101 16:43:30 --> Model Class Initialized
INFO - 20170101 16:43:30 --> Model Class Initialized
INFO - 20170101 16:43:30 --> Model Class Initialized
INFO - 20170101 16:43:30 --> Model Class Initialized
INFO - 20170101 16:43:30 --> File loaded: /Users/rayqin/svn/scc/api/trunk/application/views/outputjson.php
INFO - 20170101 16:43:30 --> Final output sent to browser
DEBUG - 20170101 16:43:30 --> Total execution time: 0.1355
INFO - 20170101 16:44:14 --> Config Class Initialized
INFO - 20170101 16:44:14 --> Hooks Class Initialized
DEBUG - 20170101 16:44:14 --> UTF-8 Support Enabled
INFO - 20170101 16:44:14 --> Utf8 Class Initialized
INFO - 20170101 16:44:14 --> URI Class Initialized
INFO - 20170101 16:44:14 --> Router Class Initialized
INFO - 20170101 16:44:14 --> Output Class Initialized
INFO - 20170101 16:44:14 --> Security Class Initialized
DEBUG - 20170101 16:44:14 --> Global POST, GET and COOKIE data sanitized
INFO - 20170101 16:44:14 --> Input Class Initialized
INFO - 20170101 16:44:14 --> Language Class Initialized
INFO - 20170101 16:44:14 --> Loader Class Initialized
DEBUG - 20170101 16:44:14 --> cURL Class Initialized
INFO - 20170101 16:44:14 --> Controller Class Initialized
INFO - 20170101 16:44:14 --> Helper loaded: util_helper
INFO - 20170101 16:44:14 --> Helper loaded: form_helper
INFO - 20170101 16:44:14 --> Form Validation Class Initialized
INFO - 20170101 16:44:14 --> Model Class Initialized
INFO - 20170101 16:44:14 --> Database Driver Class Initialized
DEBUG - 20170101 16:44:14 --> Config file loaded: /Users/rayqin/svn/scc/api/trunk/application/config/development/redis.php
INFO - 20170101 16:44:14 --> Model Class Initialized
INFO - 20170101 16:44:14 --> Model Class Initialized
INFO - 20170101 16:44:14 --> Model Class Initialized
INFO - 20170101 16:44:14 --> Model Class Initialized
INFO - 20170101 16:44:14 --> Model Class Initialized
INFO - 20170101 16:44:14 --> Model Class Initialized
INFO - 20170101 16:44:14 --> Model Class Initialized
INFO - 20170101 16:44:14 --> Model Class Initialized
INFO - 20170101 16:44:14 --> Model Class Initialized
INFO - 20170101 16:44:14 --> Model Class Initialized
INFO - 20170101 16:44:14 --> Model Class Initialized
INFO - 20170101 16:44:14 --> Model Class Initialized
INFO - 20170101 16:44:15 --> File loaded: /Users/rayqin/svn/scc/api/trunk/application/views/outputjson.php
INFO - 20170101 16:44:15 --> Final output sent to browser
DEBUG - 20170101 16:44:15 --> Total execution time: 0.1516
INFO - 20170101 16:44:17 --> Config Class Initialized
INFO - 20170101 16:44:17 --> Hooks Class Initialized
DEBUG - 20170101 16:44:17 --> UTF-8 Support Enabled
INFO - 20170101 16:44:17 --> Utf8 Class Initialized
INFO - 20170101 16:44:17 --> URI Class Initialized
INFO - 20170101 16:44:17 --> Router Class Initialized
INFO - 20170101 16:44:17 --> Output Class Initialized
INFO - 20170101 16:44:17 --> Security Class Initialized
DEBUG - 20170101 16:44:17 --> Global POST, GET and COOKIE data sanitized
INFO - 20170101 16:44:17 --> Input Class Initialized
INFO - 20170101 16:44:17 --> Language Class Initialized
INFO - 20170101 16:44:17 --> Loader Class Initialized
DEBUG - 20170101 16:44:17 --> cURL Class Initialized
INFO - 20170101 16:44:17 --> Controller Class Initialized
INFO - 20170101 16:44:17 --> Helper loaded: util_helper
INFO - 20170101 16:44:17 --> Helper loaded: form_helper
INFO - 20170101 16:44:17 --> Form Validation Class Initialized
INFO - 20170101 16:44:17 --> Model Class Initialized
INFO - 20170101 16:44:18 --> Database Driver Class Initialized
DEBUG - 20170101 16:44:18 --> Config file loaded: /Users/rayqin/svn/scc/api/trunk/application/config/development/redis.php
INFO - 20170101 16:44:18 --> Model Class Initialized
INFO - 20170101 16:44:18 --> Model Class Initialized
INFO - 20170101 16:44:18 --> Model Class Initialized
INFO - 20170101 16:44:18 --> Model Class Initialized
INFO - 20170101 16:44:18 --> Model Class Initialized
INFO - 20170101 16:44:18 --> Model Class Initialized
INFO - 20170101 16:44:18 --> Model Class Initialized
INFO - 20170101 16:44:18 --> Model Class Initialized
INFO - 20170101 16:44:18 --> Model Class Initialized
INFO - 20170101 16:44:18 --> Model Class Initialized
INFO - 20170101 16:44:18 --> Model Class Initialized
INFO - 20170101 16:44:18 --> Model Class Initialized
INFO - 20170101 16:44:18 --> File loaded: /Users/rayqin/svn/scc/api/trunk/application/views/outputjson.php
INFO - 20170101 16:44:18 --> Final output sent to browser
DEBUG - 20170101 16:44:18 --> Total execution time: 0.1523
INFO - 20170101 16:44:34 --> Config Class Initialized
INFO - 20170101 16:44:34 --> Hooks Class Initialized
DEBUG - 20170101 16:44:34 --> UTF-8 Support Enabled
INFO - 20170101 16:44:34 --> Utf8 Class Initialized
INFO - 20170101 16:44:34 --> URI Class Initialized
INFO - 20170101 16:44:34 --> Router Class Initialized
INFO - 20170101 16:44:34 --> Output Class Initialized
INFO - 20170101 16:44:34 --> Security Class Initialized
DEBUG - 20170101 16:44:34 --> Global POST, GET and COOKIE data sanitized
INFO - 20170101 16:44:34 --> Input Class Initialized
INFO - 20170101 16:44:34 --> Language Class Initialized
INFO - 20170101 16:44:34 --> Loader Class Initialized
DEBUG - 20170101 16:44:34 --> cURL Class Initialized
INFO - 20170101 16:44:34 --> Controller Class Initialized
INFO - 20170101 16:44:34 --> Helper loaded: util_helper
INFO - 20170101 16:44:34 --> Helper loaded: form_helper
INFO - 20170101 16:44:34 --> Form Validation Class Initialized
INFO - 20170101 16:44:34 --> Model Class Initialized
INFO - 20170101 16:44:34 --> Database Driver Class Initialized
DEBUG - 20170101 16:44:34 --> Config file loaded: /Users/rayqin/svn/scc/api/trunk/application/config/development/redis.php
INFO - 20170101 16:44:34 --> Model Class Initialized
INFO - 20170101 16:44:34 --> Model Class Initialized
INFO - 20170101 16:44:34 --> Model Class Initialized
INFO - 20170101 16:44:34 --> Model Class Initialized
INFO - 20170101 16:44:34 --> Model Class Initialized
INFO - 20170101 16:44:34 --> Model Class Initialized
INFO - 20170101 16:44:34 --> Model Class Initialized
INFO - 20170101 16:44:34 --> Model Class Initialized
INFO - 20170101 16:44:34 --> Model Class Initialized
INFO - 20170101 16:44:34 --> Model Class Initialized
INFO - 20170101 16:44:34 --> Model Class Initialized
INFO - 20170101 16:44:34 --> Model Class Initialized
INFO - 20170101 16:44:34 --> File loaded: /Users/rayqin/svn/scc/api/trunk/application/views/outputjson.php
INFO - 20170101 16:44:34 --> Final output sent to browser
DEBUG - 20170101 16:44:34 --> Total execution time: 0.1441
INFO - 20170101 16:44:41 --> Config Class Initialized
INFO - 20170101 16:44:41 --> Hooks Class Initialized
DEBUG - 20170101 16:44:41 --> UTF-8 Support Enabled
INFO - 20170101 16:44:41 --> Utf8 Class Initialized
INFO - 20170101 16:44:41 --> URI Class Initialized
INFO - 20170101 16:44:41 --> Router Class Initialized
INFO - 20170101 16:44:41 --> Output Class Initialized
INFO - 20170101 16:44:41 --> Security Class Initialized
DEBUG - 20170101 16:44:41 --> Global POST, GET and COOKIE data sanitized
INFO - 20170101 16:44:41 --> Input Class Initialized
INFO - 20170101 16:44:41 --> Language Class Initialized
INFO - 20170101 16:44:41 --> Loader Class Initialized
DEBUG - 20170101 16:44:41 --> cURL Class Initialized
INFO - 20170101 16:44:41 --> Controller Class Initialized
INFO - 20170101 16:44:41 --> Helper loaded: util_helper
INFO - 20170101 16:44:41 --> Helper loaded: form_helper
INFO - 20170101 16:44:41 --> Form Validation Class Initialized
INFO - 20170101 16:44:41 --> Model Class Initialized
INFO - 20170101 16:44:41 --> Database Driver Class Initialized
DEBUG - 20170101 16:44:41 --> Config file loaded: /Users/rayqin/svn/scc/api/trunk/application/config/development/redis.php
INFO - 20170101 16:44:41 --> Model Class Initialized
INFO - 20170101 16:44:41 --> Model Class Initialized
INFO - 20170101 16:44:41 --> Model Class Initialized
INFO - 20170101 16:44:41 --> Model Class Initialized
INFO - 20170101 16:44:41 --> Model Class Initialized
INFO - 20170101 16:44:41 --> Model Class Initialized
INFO - 20170101 16:44:41 --> Model Class Initialized
INFO - 20170101 16:44:41 --> Model Class Initialized
INFO - 20170101 16:44:41 --> Model Class Initialized
INFO - 20170101 16:44:41 --> Model Class Initialized
INFO - 20170101 16:44:41 --> Model Class Initialized
INFO - 20170101 16:44:41 --> Model Class Initialized
INFO - 20170101 16:44:41 --> File loaded: /Users/rayqin/svn/scc/api/trunk/application/views/outputjson.php
INFO - 20170101 16:44:41 --> Final output sent to browser
DEBUG - 20170101 16:44:41 --> Total execution time: 0.1457
INFO - 20170101 16:44:47 --> Config Class Initialized
INFO - 20170101 16:44:47 --> Hooks Class Initialized
DEBUG - 20170101 16:44:47 --> UTF-8 Support Enabled
INFO - 20170101 16:44:47 --> Utf8 Class Initialized
INFO - 20170101 16:44:47 --> URI Class Initialized
INFO - 20170101 16:44:47 --> Router Class Initialized
INFO - 20170101 16:44:47 --> Output Class Initialized
INFO - 20170101 16:44:47 --> Security Class Initialized
DEBUG - 20170101 16:44:47 --> Global POST, GET and COOKIE data sanitized
INFO - 20170101 16:44:47 --> Input Class Initialized
INFO - 20170101 16:44:47 --> Language Class Initialized
INFO - 20170101 16:44:47 --> Loader Class Initialized
DEBUG - 20170101 16:44:48 --> cURL Class Initialized
INFO - 20170101 16:44:48 --> Controller Class Initialized
INFO - 20170101 16:44:48 --> Helper loaded: util_helper
INFO - 20170101 16:44:48 --> Helper loaded: form_helper
INFO - 20170101 16:44:48 --> Form Validation Class Initialized
INFO - 20170101 16:44:48 --> Model Class Initialized
INFO - 20170101 16:44:48 --> Database Driver Class Initialized
DEBUG - 20170101 16:44:48 --> Config file loaded: /Users/rayqin/svn/scc/api/trunk/application/config/development/redis.php
INFO - 20170101 16:44:48 --> Model Class Initialized
INFO - 20170101 16:44:48 --> Model Class Initialized
INFO - 20170101 16:44:48 --> Model Class Initialized
INFO - 20170101 16:44:48 --> Model Class Initialized
INFO - 20170101 16:44:48 --> Model Class Initialized
INFO - 20170101 16:44:48 --> Model Class Initialized
INFO - 20170101 16:44:48 --> Model Class Initialized
INFO - 20170101 16:44:48 --> Model Class Initialized
INFO - 20170101 16:44:48 --> Model Class Initialized
INFO - 20170101 16:44:48 --> Model Class Initialized
INFO - 20170101 16:44:48 --> Model Class Initialized
INFO - 20170101 16:44:48 --> Model Class Initialized
INFO - 20170101 16:44:48 --> File loaded: /Users/rayqin/svn/scc/api/trunk/application/views/outputjson.php
INFO - 20170101 16:44:48 --> Final output sent to browser
DEBUG - 20170101 16:44:48 --> Total execution time: 0.1192
INFO - 20170101 16:47:34 --> Config Class Initialized
INFO - 20170101 16:47:34 --> Hooks Class Initialized
DEBUG - 20170101 16:47:34 --> UTF-8 Support Enabled
INFO - 20170101 16:47:34 --> Utf8 Class Initialized
INFO - 20170101 16:47:34 --> URI Class Initialized
INFO - 20170101 16:47:34 --> Router Class Initialized
INFO - 20170101 16:47:34 --> Output Class Initialized
INFO - 20170101 16:47:34 --> Security Class Initialized
DEBUG - 20170101 16:47:34 --> Global POST, GET and COOKIE data sanitized
INFO - 20170101 16:47:34 --> Input Class Initialized
INFO - 20170101 16:47:34 --> Language Class Initialized
INFO - 20170101 16:47:34 --> Loader Class Initialized
DEBUG - 20170101 16:47:34 --> cURL Class Initialized
INFO - 20170101 16:47:34 --> Controller Class Initialized
INFO - 20170101 16:47:34 --> Helper loaded: util_helper
INFO - 20170101 16:47:34 --> Helper loaded: form_helper
INFO - 20170101 16:47:34 --> Form Validation Class Initialized
INFO - 20170101 16:47:34 --> Model Class Initialized
INFO - 20170101 16:47:34 --> Database Driver Class Initialized
DEBUG - 20170101 16:47:34 --> Config file loaded: /Users/rayqin/svn/scc/api/trunk/application/config/development/redis.php
INFO - 20170101 16:47:35 --> Model Class Initialized
INFO - 20170101 16:47:35 --> Model Class Initialized
INFO - 20170101 16:47:35 --> Model Class Initialized
INFO - 20170101 16:47:35 --> Model Class Initialized
INFO - 20170101 16:47:35 --> Model Class Initialized
INFO - 20170101 16:47:35 --> Model Class Initialized
INFO - 20170101 16:47:35 --> Model Class Initialized
INFO - 20170101 16:47:35 --> Model Class Initialized
INFO - 20170101 16:47:35 --> Model Class Initialized
INFO - 20170101 16:47:35 --> Model Class Initialized
INFO - 20170101 16:47:35 --> Model Class Initialized
INFO - 20170101 16:47:35 --> Model Class Initialized
INFO - 20170101 16:47:35 --> File loaded: /Users/rayqin/svn/scc/api/trunk/application/views/outputjson.php
INFO - 20170101 16:47:35 --> Final output sent to browser
DEBUG - 20170101 16:47:35 --> Total execution time: 0.9803
INFO - 20170101 16:47:38 --> Config Class Initialized
INFO - 20170101 16:47:38 --> Hooks Class Initialized
DEBUG - 20170101 16:47:38 --> UTF-8 Support Enabled
INFO - 20170101 16:47:38 --> Utf8 Class Initialized
INFO - 20170101 16:47:38 --> URI Class Initialized
INFO - 20170101 16:47:38 --> Router Class Initialized
INFO - 20170101 16:47:38 --> Output Class Initialized
INFO - 20170101 16:47:38 --> Security Class Initialized
DEBUG - 20170101 16:47:38 --> Global POST, GET and COOKIE data sanitized
INFO - 20170101 16:47:38 --> Input Class Initialized
INFO - 20170101 16:47:38 --> Language Class Initialized
INFO - 20170101 16:47:38 --> Loader Class Initialized
DEBUG - 20170101 16:47:38 --> cURL Class Initialized
INFO - 20170101 16:47:38 --> Controller Class Initialized
INFO - 20170101 16:47:38 --> Helper loaded: util_helper
INFO - 20170101 16:47:38 --> Helper loaded: form_helper
INFO - 20170101 16:47:38 --> Form Validation Class Initialized
INFO - 20170101 16:47:38 --> Model Class Initialized
INFO - 20170101 16:47:38 --> Database Driver Class Initialized
DEBUG - 20170101 16:47:38 --> Config file loaded: /Users/rayqin/svn/scc/api/trunk/application/config/development/redis.php
INFO - 20170101 16:47:38 --> Model Class Initialized
INFO - 20170101 16:47:38 --> Model Class Initialized
INFO - 20170101 16:47:38 --> Model Class Initialized
INFO - 20170101 16:47:38 --> Model Class Initialized
INFO - 20170101 16:47:38 --> Model Class Initialized
INFO - 20170101 16:47:38 --> Model Class Initialized
INFO - 20170101 16:47:38 --> Model Class Initialized
INFO - 20170101 16:47:38 --> Model Class Initialized
INFO - 20170101 16:47:38 --> Model Class Initialized
INFO - 20170101 16:47:38 --> Model Class Initialized
INFO - 20170101 16:47:38 --> Model Class Initialized
INFO - 20170101 16:47:38 --> Model Class Initialized
INFO - 20170101 16:47:38 --> File loaded: /Users/rayqin/svn/scc/api/trunk/application/views/outputjson.php
INFO - 20170101 16:47:38 --> Final output sent to browser
DEBUG - 20170101 16:47:38 --> Total execution time: 0.1416
INFO - 20170101 16:47:49 --> Config Class Initialized
INFO - 20170101 16:47:49 --> Hooks Class Initialized
DEBUG - 20170101 16:47:49 --> UTF-8 Support Enabled
INFO - 20170101 16:47:49 --> Utf8 Class Initialized
INFO - 20170101 16:47:49 --> URI Class Initialized
INFO - 20170101 16:47:49 --> Router Class Initialized
INFO - 20170101 16:47:49 --> Output Class Initialized
INFO - 20170101 16:47:49 --> Security Class Initialized
DEBUG - 20170101 16:47:49 --> Global POST, GET and COOKIE data sanitized
INFO - 20170101 16:47:49 --> Input Class Initialized
INFO - 20170101 16:47:49 --> Language Class Initialized
INFO - 20170101 16:47:49 --> Loader Class Initialized
DEBUG - 20170101 16:47:49 --> cURL Class Initialized
INFO - 20170101 16:47:49 --> Controller Class Initialized
INFO - 20170101 16:47:49 --> Helper loaded: util_helper
INFO - 20170101 16:47:49 --> Helper loaded: form_helper
INFO - 20170101 16:47:49 --> Form Validation Class Initialized
INFO - 20170101 16:47:49 --> Model Class Initialized
INFO - 20170101 16:47:49 --> Database Driver Class Initialized
DEBUG - 20170101 16:47:49 --> Config file loaded: /Users/rayqin/svn/scc/api/trunk/application/config/development/redis.php
INFO - 20170101 16:47:49 --> Model Class Initialized
INFO - 20170101 16:47:49 --> Model Class Initialized
INFO - 20170101 16:47:49 --> Model Class Initialized
INFO - 20170101 16:47:49 --> Model Class Initialized
INFO - 20170101 16:47:49 --> Model Class Initialized
INFO - 20170101 16:47:49 --> Model Class Initialized
INFO - 20170101 16:47:49 --> Model Class Initialized
INFO - 20170101 16:47:49 --> Model Class Initialized
INFO - 20170101 16:47:49 --> Model Class Initialized
INFO - 20170101 16:47:49 --> Model Class Initialized
INFO - 20170101 16:47:49 --> Model Class Initialized
INFO - 20170101 16:47:49 --> Model Class Initialized
INFO - 20170101 16:47:49 --> File loaded: /Users/rayqin/svn/scc/api/trunk/application/views/outputjson.php
INFO - 20170101 16:47:49 --> Final output sent to browser
DEBUG - 20170101 16:47:49 --> Total execution time: 0.1570
INFO - 20170101 16:48:29 --> Config Class Initialized
INFO - 20170101 16:48:29 --> Hooks Class Initialized
DEBUG - 20170101 16:48:29 --> UTF-8 Support Enabled
INFO - 20170101 16:48:29 --> Utf8 Class Initialized
INFO - 20170101 16:48:29 --> URI Class Initialized
INFO - 20170101 16:48:29 --> Router Class Initialized
INFO - 20170101 16:48:29 --> Output Class Initialized
INFO - 20170101 16:48:29 --> Security Class Initialized
DEBUG - 20170101 16:48:29 --> Global POST, GET and COOKIE data sanitized
INFO - 20170101 16:48:29 --> Input Class Initialized
INFO - 20170101 16:48:29 --> Language Class Initialized
INFO - 20170101 16:48:29 --> Loader Class Initialized
DEBUG - 20170101 16:48:29 --> cURL Class Initialized
INFO - 20170101 16:48:29 --> Controller Class Initialized
INFO - 20170101 16:48:29 --> Helper loaded: util_helper
INFO - 20170101 16:48:29 --> Helper loaded: form_helper
INFO - 20170101 16:48:29 --> Form Validation Class Initialized
INFO - 20170101 16:48:29 --> Model Class Initialized
INFO - 20170101 16:48:29 --> Database Driver Class Initialized
DEBUG - 20170101 16:48:29 --> Config file loaded: /Users/rayqin/svn/scc/api/trunk/application/config/development/redis.php
INFO - 20170101 16:48:29 --> Model Class Initialized
INFO - 20170101 16:48:29 --> Model Class Initialized
INFO - 20170101 16:48:29 --> Model Class Initialized
INFO - 20170101 16:48:29 --> Model Class Initialized
INFO - 20170101 16:48:29 --> Model Class Initialized
INFO - 20170101 16:48:29 --> Model Class Initialized
INFO - 20170101 16:48:29 --> Model Class Initialized
INFO - 20170101 16:48:29 --> Model Class Initialized
INFO - 20170101 16:48:29 --> Model Class Initialized
INFO - 20170101 16:48:29 --> Model Class Initialized
INFO - 20170101 16:48:29 --> Model Class Initialized
INFO - 20170101 16:48:29 --> Model Class Initialized
INFO - 20170101 16:48:29 --> File loaded: /Users/rayqin/svn/scc/api/trunk/application/views/outputjson.php
INFO - 20170101 16:48:29 --> Final output sent to browser
DEBUG - 20170101 16:48:29 --> Total execution time: 0.1255
INFO - 20170101 16:48:33 --> Config Class Initialized
INFO - 20170101 16:48:33 --> Hooks Class Initialized
DEBUG - 20170101 16:48:33 --> UTF-8 Support Enabled
INFO - 20170101 16:48:33 --> Utf8 Class Initialized
INFO - 20170101 16:48:33 --> URI Class Initialized
INFO - 20170101 16:48:33 --> Router Class Initialized
INFO - 20170101 16:48:33 --> Output Class Initialized
INFO - 20170101 16:48:33 --> Security Class Initialized
DEBUG - 20170101 16:48:33 --> Global POST, GET and COOKIE data sanitized
INFO - 20170101 16:48:33 --> Input Class Initialized
INFO - 20170101 16:48:33 --> Language Class Initialized
INFO - 20170101 16:48:33 --> Loader Class Initialized
DEBUG - 20170101 16:48:33 --> cURL Class Initialized
INFO - 20170101 16:48:33 --> Controller Class Initialized
INFO - 20170101 16:48:33 --> Helper loaded: util_helper
INFO - 20170101 16:48:33 --> Helper loaded: form_helper
INFO - 20170101 16:48:33 --> Form Validation Class Initialized
INFO - 20170101 16:48:33 --> Model Class Initialized
INFO - 20170101 16:48:33 --> Database Driver Class Initialized
DEBUG - 20170101 16:48:33 --> Config file loaded: /Users/rayqin/svn/scc/api/trunk/application/config/development/redis.php
INFO - 20170101 16:48:33 --> Model Class Initialized
INFO - 20170101 16:48:33 --> Model Class Initialized
INFO - 20170101 16:48:33 --> Model Class Initialized
INFO - 20170101 16:48:33 --> Model Class Initialized
INFO - 20170101 16:48:33 --> Model Class Initialized
INFO - 20170101 16:48:33 --> Model Class Initialized
INFO - 20170101 16:48:33 --> Model Class Initialized
INFO - 20170101 16:48:33 --> Model Class Initialized
INFO - 20170101 16:48:33 --> Model Class Initialized
INFO - 20170101 16:48:33 --> Model Class Initialized
INFO - 20170101 16:48:33 --> Model Class Initialized
INFO - 20170101 16:48:33 --> Model Class Initialized
INFO - 20170101 16:48:33 --> File loaded: /Users/rayqin/svn/scc/api/trunk/application/views/outputjson.php
INFO - 20170101 16:48:33 --> Final output sent to browser
DEBUG - 20170101 16:48:33 --> Total execution time: 0.1275
INFO - 20170101 16:49:08 --> Config Class Initialized
INFO - 20170101 16:49:08 --> Hooks Class Initialized
DEBUG - 20170101 16:49:08 --> UTF-8 Support Enabled
INFO - 20170101 16:49:08 --> Utf8 Class Initialized
INFO - 20170101 16:49:08 --> URI Class Initialized
INFO - 20170101 16:49:08 --> Router Class Initialized
INFO - 20170101 16:49:08 --> Output Class Initialized
INFO - 20170101 16:49:08 --> Security Class Initialized
DEBUG - 20170101 16:49:08 --> Global POST, GET and COOKIE data sanitized
INFO - 20170101 16:49:08 --> Input Class Initialized
INFO - 20170101 16:49:08 --> Language Class Initialized
INFO - 20170101 16:49:08 --> Loader Class Initialized
DEBUG - 20170101 16:49:08 --> cURL Class Initialized
INFO - 20170101 16:49:08 --> Controller Class Initialized
INFO - 20170101 16:49:08 --> Helper loaded: util_helper
INFO - 20170101 16:49:08 --> Helper loaded: form_helper
INFO - 20170101 16:49:08 --> Form Validation Class Initialized
INFO - 20170101 16:49:08 --> Model Class Initialized
INFO - 20170101 16:49:08 --> Database Driver Class Initialized
DEBUG - 20170101 16:49:08 --> Config file loaded: /Users/rayqin/svn/scc/api/trunk/application/config/development/redis.php
INFO - 20170101 16:49:08 --> Model Class Initialized
INFO - 20170101 16:49:08 --> Model Class Initialized
INFO - 20170101 16:49:08 --> Model Class Initialized
INFO - 20170101 16:49:08 --> Model Class Initialized
INFO - 20170101 16:49:08 --> Model Class Initialized
INFO - 20170101 16:49:08 --> Model Class Initialized
INFO - 20170101 16:49:08 --> Model Class Initialized
INFO - 20170101 16:49:08 --> Model Class Initialized
INFO - 20170101 16:49:08 --> Model Class Initialized
INFO - 20170101 16:49:08 --> Model Class Initialized
INFO - 20170101 16:49:08 --> Model Class Initialized
INFO - 20170101 16:49:08 --> Model Class Initialized
INFO - 20170101 16:49:08 --> File loaded: /Users/rayqin/svn/scc/api/trunk/application/views/outputjson.php
INFO - 20170101 16:49:08 --> Final output sent to browser
DEBUG - 20170101 16:49:08 --> Total execution time: 0.1660
INFO - 20170101 16:49:43 --> Config Class Initialized
INFO - 20170101 16:49:43 --> Hooks Class Initialized
DEBUG - 20170101 16:49:43 --> UTF-8 Support Enabled
INFO - 20170101 16:49:43 --> Utf8 Class Initialized
INFO - 20170101 16:49:43 --> URI Class Initialized
INFO - 20170101 16:49:43 --> Router Class Initialized
INFO - 20170101 16:49:43 --> Output Class Initialized
INFO - 20170101 16:49:43 --> Security Class Initialized
DEBUG - 20170101 16:49:43 --> Global POST, GET and COOKIE data sanitized
INFO - 20170101 16:49:43 --> Input Class Initialized
INFO - 20170101 16:49:43 --> Language Class Initialized
INFO - 20170101 16:49:43 --> Loader Class Initialized
DEBUG - 20170101 16:49:43 --> cURL Class Initialized
INFO - 20170101 16:49:43 --> Controller Class Initialized
INFO - 20170101 16:49:43 --> Helper loaded: util_helper
INFO - 20170101 16:49:43 --> Helper loaded: form_helper
INFO - 20170101 16:49:43 --> Form Validation Class Initialized
INFO - 20170101 16:49:43 --> Model Class Initialized
INFO - 20170101 16:49:43 --> Database Driver Class Initialized
DEBUG - 20170101 16:49:43 --> Config file loaded: /Users/rayqin/svn/scc/api/trunk/application/config/development/redis.php
INFO - 20170101 16:49:43 --> Model Class Initialized
INFO - 20170101 16:49:43 --> Model Class Initialized
INFO - 20170101 16:49:43 --> Model Class Initialized
INFO - 20170101 16:49:43 --> Model Class Initialized
INFO - 20170101 16:49:43 --> Model Class Initialized
INFO - 20170101 16:49:43 --> Model Class Initialized
INFO - 20170101 16:49:43 --> Model Class Initialized
INFO - 20170101 16:49:43 --> Model Class Initialized
INFO - 20170101 16:49:43 --> Model Class Initialized
INFO - 20170101 16:49:43 --> Model Class Initialized
INFO - 20170101 16:49:43 --> Model Class Initialized
INFO - 20170101 16:49:43 --> Model Class Initialized
INFO - 20170101 16:49:44 --> File loaded: /Users/rayqin/svn/scc/api/trunk/application/views/outputjson.php
INFO - 20170101 16:49:44 --> Final output sent to browser
DEBUG - 20170101 16:49:44 --> Total execution time: 0.1397
INFO - 20170101 16:50:36 --> Config Class Initialized
INFO - 20170101 16:50:36 --> Hooks Class Initialized
DEBUG - 20170101 16:50:36 --> UTF-8 Support Enabled
INFO - 20170101 16:50:36 --> Utf8 Class Initialized
INFO - 20170101 16:50:36 --> URI Class Initialized
INFO - 20170101 16:50:36 --> Router Class Initialized
INFO - 20170101 16:50:36 --> Output Class Initialized
INFO - 20170101 16:50:36 --> Security Class Initialized
DEBUG - 20170101 16:50:36 --> Global POST, GET and COOKIE data sanitized
INFO - 20170101 16:50:36 --> Input Class Initialized
INFO - 20170101 16:50:36 --> Language Class Initialized
INFO - 20170101 16:50:36 --> Loader Class Initialized
DEBUG - 20170101 16:50:36 --> cURL Class Initialized
INFO - 20170101 16:50:36 --> Controller Class Initialized
INFO - 20170101 16:50:36 --> Helper loaded: util_helper
INFO - 20170101 16:50:36 --> Helper loaded: form_helper
INFO - 20170101 16:50:36 --> Form Validation Class Initialized
INFO - 20170101 16:50:36 --> Model Class Initialized
INFO - 20170101 16:50:36 --> Database Driver Class Initialized
DEBUG - 20170101 16:50:36 --> Config file loaded: /Users/rayqin/svn/scc/api/trunk/application/config/development/redis.php
INFO - 20170101 16:50:36 --> Model Class Initialized
INFO - 20170101 16:50:36 --> Model Class Initialized
INFO - 20170101 16:50:36 --> Model Class Initialized
INFO - 20170101 16:50:36 --> Model Class Initialized
INFO - 20170101 16:50:36 --> Model Class Initialized
INFO - 20170101 16:50:36 --> Model Class Initialized
INFO - 20170101 16:50:36 --> Model Class Initialized
INFO - 20170101 16:50:36 --> Model Class Initialized
INFO - 20170101 16:50:36 --> Model Class Initialized
INFO - 20170101 16:50:36 --> Model Class Initialized
INFO - 20170101 16:50:36 --> Model Class Initialized
INFO - 20170101 16:50:36 --> Model Class Initialized
INFO - 20170101 16:50:36 --> File loaded: /Users/rayqin/svn/scc/api/trunk/application/views/outputjson.php
INFO - 20170101 16:50:36 --> Final output sent to browser
DEBUG - 20170101 16:50:36 --> Total execution time: 0.1169
